<?xml version="1.0" encoding="UTF-8"?>
<testng-results ignored="0" total="1" passed="1" failed="0" skipped="0">
  <reporter-output>
  </reporter-output>
  <suite started-at="2023-09-15T09:02:23Z" name="Silverstripe-CMS-Automation" finished-at="2023-09-15T09:03:12Z" duration-ms="48149">
    <groups>
    </groups>
    <test started-at="2023-09-15T09:02:23Z" name="To validate Page Creation Feature" finished-at="2023-09-15T09:03:12Z" duration-ms="48149">
      <class name="test.CMSArchivePageTest">
        <test-method is-config="true" signature="beforeTest(org.testng.ITestContext)[pri:0, instance:test.CMSArchivePageTest@62e7f11d]" started-at="2023-09-15T09:02:23Z" name="beforeTest" finished-at="2023-09-15T09:02:23Z" duration-ms="245" status="PASS">
          <params>
            <param index="0">
              <value>
                <![CDATA[org.testng.TestRunner@14ac77b9]]>
              </value>
            </param>
          </params>
          <reporter-output>
          </reporter-output>
        </test-method> <!-- beforeTest -->
        <test-method is-config="true" signature="setup()[pri:0, instance:test.CMSArchivePageTest@62e7f11d]" started-at="2023-09-15T09:02:23Z" name="setup" finished-at="2023-09-15T09:02:25Z" duration-ms="1583" status="PASS">
          <reporter-output>
          </reporter-output>
        </test-method> <!-- setup -->
        <test-method is-config="true" signature="setupInitial()[pri:0, instance:test.CMSArchivePageTest@62e7f11d]" started-at="2023-09-15T09:02:25Z" name="setupInitial" finished-at="2023-09-15T09:02:25Z" depends-on-methods="testbase.BaseTest.setup" duration-ms="42" status="PASS">
          <reporter-output>
          </reporter-output>
        </test-method> <!-- setupInitial -->
        <test-method is-config="true" signature="getMethodName(java.lang.reflect.Method, org.testng.ITestContext, org.testng.ITestResult)[pri:0, instance:test.CMSArchivePageTest@62e7f11d]" started-at="2023-09-15T09:02:26Z" name="getMethodName" finished-at="2023-09-15T09:02:26Z" duration-ms="21" status="PASS">
          <params>
            <param index="0">
              <value>
                <![CDATA[public void test.CMSArchivePageTest.verifyPageUnpublishAndArchiveInSilverstripeCMS(org.testng.ITestContext,java.lang.String,java.lang.String,java.lang.String) throws java.lang.Throwable]]>
              </value>
            </param>
            <param index="1">
              <value>
                <![CDATA[org.testng.TestRunner@14ac77b9]]>
              </value>
            </param>
            <param index="2">
              <value>
                <![CDATA[[TestResult name=verifyPageUnpublishAndArchiveInSilverstripeCMS status=SUCCESS method=CMSArchivePageTest.verifyPageUnpublishAndArchiveInSilverstripeCMS(org.testng.ITestContext, java.lang.String, java.lang.String, java.lang.String)[pri:1, instance:test.CMSArchivePageTest@62e7f11d] output={null}]]]>
              </value>
            </param>
          </params>
          <reporter-output>
          </reporter-output>
        </test-method> <!-- getMethodName -->
        <test-method signature="verifyPageUnpublishAndArchiveInSilverstripeCMS(org.testng.ITestContext, java.lang.String, java.lang.String, java.lang.String)[pri:1, instance:test.CMSArchivePageTest@62e7f11d]" started-at="2023-09-15T09:02:26Z" name="verifyPageUnpublishAndArchiveInSilverstripeCMS" description="To verify the Save Page feature in Silverstripe CMS" data-provider="getTestData" finished-at="2023-09-15T09:03:11Z" duration-ms="45174" status="PASS">
          <params>
            <param index="0">
              <value>
                <![CDATA[org.testng.TestRunner@14ac77b9]]>
              </value>
            </param>
            <param index="1">
              <value>
                <![CDATA[Satarupa.Biswal@silverstripe.com]]>
              </value>
            </param>
            <param index="2">
              <value>
                <![CDATA[TESTSS1234!]]>
              </value>
            </param>
            <param index="3">
              <value>
                <![CDATA[Home Page]]>
              </value>
            </param>
          </params>
          <reporter-output>
          </reporter-output>
        </test-method> <!-- verifyPageUnpublishAndArchiveInSilverstripeCMS -->
        <test-method is-config="true" signature="tearDown(org.testng.ITestResult)[pri:0, instance:test.CMSArchivePageTest@62e7f11d]" started-at="2023-09-15T09:03:11Z" name="tearDown" finished-at="2023-09-15T09:03:11Z" duration-ms="165" status="PASS">
          <params>
            <param index="0">
              <value>
                <![CDATA[[TestResult name=verifyPageUnpublishAndArchiveInSilverstripeCMS status=SUCCESS method=CMSArchivePageTest.verifyPageUnpublishAndArchiveInSilverstripeCMS(org.testng.ITestContext, java.lang.String, java.lang.String, java.lang.String)[pri:1, instance:test.CMSArchivePageTest@62e7f11d] output={null}]]]>
              </value>
            </param>
          </params>
          <reporter-output>
          </reporter-output>
        </test-method> <!-- tearDown -->
        <test-method is-config="true" signature="AfterTest()[pri:0, instance:test.CMSArchivePageTest@62e7f11d]" started-at="2023-09-15T09:03:11Z" name="AfterTest" finished-at="2023-09-15T09:03:12Z" duration-ms="479" status="PASS">
          <reporter-output>
          </reporter-output>
        </test-method> <!-- AfterTest -->
      </class> <!-- test.CMSArchivePageTest -->
    </test> <!-- To validate Page Creation Feature -->
  </suite> <!-- Silverstripe-CMS-Automation -->
</testng-results>
